<?xml version="1.0" encoding="UTF-8"?>
<testsuite xmlns:xsi="http://www.w3.org/2001/XMLSchema-instance" xsi:noNamespaceSchemaLocation="https://maven.apache.org/surefire/maven-surefire-plugin/xsd/surefire-test-report.xsd" version="3.0.2" name="atenciones.back.BackApplicationTests" time="4.181" tests="1" errors="0" skipped="0" failures="0">
  <properties>
[...]
</properties>
  <testcase name="contextLoads" classname="atenciones.back.BackApplicationTests" time="0.841">
    <system-out><![CDATA[00:36:07.262 [main] INFO org.springframework.test.context.support.AnnotationConfigContextLoaderUtils -- Could not detect default configuration classes for test class [atenciones.back.BackApplicationTests]: BackApplicationTests does not declare any static, non-private, non-final, nested classes annotated with @Configuration.
00:36:07.394 [main] INFO org.springframework.boot.test.context.SpringBootTestContextBootstrapper -- Found @SpringBootConfiguration atenciones.back.BackApplication for test class atenciones.back.BackApplicationTests
00:36:07.643 [main] INFO org.springframework.boot.devtools.restart.RestartApplicationListener -- Restart disabled due to context in which it is running

  .   ____          _            __ _ _
 /\\ / ___'_ __ _ _(_)_ __  __ _ \ \ \ \
( ( )\___ | '_ | '_| | '_ \/ _` | \ \ \ \
 \\/  ___)| |_)| | | | | || (_| |  ) ) ) )
  '  |____| .__|_| |_|_| |_\__, | / / / /
 =========|_|==============|___/=/_/_/_/

 :: Spring Boot ::                (v3.4.1)

2025-01-11T00:36:07.936-03:00  INFO 16984 --- [back] [           main] atenciones.back.BackApplicationTests     : Starting BackApplicationTests using Java 17.0.12 with PID 16984 (started by seba in C:\Users\seba\Desktop\DUOC\CLOUD\back)
2025-01-11T00:36:07.937-03:00  INFO 16984 --- [back] [           main] atenciones.back.BackApplicationTests     : No active profile set, falling back to 1 default profile: "default"
2025-01-11T00:36:07.976-03:00 DEBUG 16984 --- [back] [           main] o.s.w.c.s.GenericWebApplicationContext   : Refreshing org.springframework.web.context.support.GenericWebApplicationContext@c0b41d6
2025-01-11T00:36:09.663-03:00 DEBUG 16984 --- [back] [           main] s.w.s.m.m.a.RequestMappingHandlerMapping : 4 mappings in 'requestMappingHandlerMapping'
2025-01-11T00:36:09.845-03:00 DEBUG 16984 --- [back] [           main] o.s.w.s.handler.SimpleUrlHandlerMapping  : Patterns [/webjars/**, /**] in 'resourceHandlerMapping'
2025-01-11T00:36:10.166-03:00 DEBUG 16984 --- [back] [           main] s.w.s.m.m.a.RequestMappingHandlerAdapter : ControllerAdvice beans: 0 @ModelAttribute, 0 @InitBinder, 1 RequestBodyAdvice, 1 ResponseBodyAdvice
2025-01-11T00:36:10.234-03:00 DEBUG 16984 --- [back] [           main] .m.m.a.ExceptionHandlerExceptionResolver : ControllerAdvice beans: 0 @ExceptionHandler, 1 ResponseBodyAdvice
2025-01-11T00:36:10.409-03:00  INFO 16984 --- [back] [           main] atenciones.back.BackApplicationTests     : Started BackApplicationTests in 2.779 seconds (process running for 3.901)
]]></system-out>
  </testcase>
</testsuite>